<?xml version="1.0" encoding="UTF-8"?>
<testng-results skipped="0" failed="0" ignored="0" total="1" passed="1">
  <reporter-output>
  </reporter-output>
  <suite name="Default suite" duration-ms="7080" started-at="2022-12-10T18:02:03 CST" finished-at="2022-12-10T18:02:10 CST">
    <groups>
    </groups>
    <test name="Default test" duration-ms="7080" started-at="2022-12-10T18:02:03 CST" finished-at="2022-12-10T18:02:10 CST">
      <class name="test">
        <test-method status="PASS" signature="launch()[pri:0, instance:test@45820e51]" name="launch" is-config="true" duration-ms="6612" started-at="2022-12-10T18:02:03 CST" finished-at="2022-12-10T18:02:10 CST">
          <reporter-output>
          </reporter-output>
        </test-method> <!-- launch -->
        <test-method status="PASS" signature="login3()[pri:0, instance:test@45820e51]" name="login3" duration-ms="410" started-at="2022-12-10T18:02:10 CST" finished-at="2022-12-10T18:02:10 CST">
          <reporter-output>
          </reporter-output>
        </test-method> <!-- login3 -->
      </class> <!-- test -->
    </test> <!-- Default test -->
  </suite> <!-- Default suite -->
</testng-results>
